# JRE version: OpenJDK Runtime Environment Temurin-21.0.10+7 (21.0.10+7) (build 21.0.10+7-LTS)
# Java VM: OpenJDK 64-Bit Server VM Temurin-21.0.10+7 (21.0.10+7-LTS, mixed mode, sharing, tiered, compressed oops, compressed class ptrs, parallel gc, linux-amd64)
GC Precious Log:
 CardTable entry size: 512
 CPUs: 8 total, 8 available
 Memory: 7719M
 Large Page Support: Disabled
 NUMA Support: Disabled
 Compressed Oops: Enabled (32-bit)
 Alignments: Space 512K, Generation 512K, Heap 2M
 Heap Min Capacity: 100M
 Heap Initial Capacity: 100M
 Heap Max Capacity: 2G
 Pre-touch: Disabled
 Parallel Workers: 8
Heap:
 PSYoungGen      total 5632K, used 5631K [0x00000000d5580000, 0x00000000d5e00000, 0x0000000100000000)
  eden space 5120K, 99% used [0x00000000d5580000,0x00000000d5a7fff0,0x00000000d5a80000)
  from space 512K, 100% used [0x00000000d5d80000,0x00000000d5e00000,0x00000000d5e00000)
  to   space 1536K, 60% used [0x00000000d5b00000,0x00000000d5be8000,0x00000000d5c80000)
 ParOldGen       total 933376K, used 725754K [0x0000000080000000, 0x00000000b8f80000, 0x00000000d5580000)
  object space 933376K, 77% used [0x0000000080000000,0x00000000ac4be858,0x00000000b8f80000)
 Metaspace       used 101658K, committed 103488K, reserved 1179648K
  class space    used 10359K, committed 11200K, reserved 1048576K
GC Heap History (20 events):
Event: 3906.089 GC heap after
{Heap after GC invocations=1847 (full 6):
 PSYoungGen      total 3072K, used 544K [0x00000000d5580000, 0x00000000d6200000, 0x0000000100000000)
  eden space 2048K, 0% used [0x00000000d5580000,0x00000000d5580000,0x00000000d5780000)
  from space 1024K, 53% used [0x00000000d5780000,0x00000000d5808000,0x00000000d5880000)
  to   space 4096K, 0% used [0x00000000d5e00000,0x00000000d5e00000,0x00000000d6200000)
 ParOldGen       total 933376K, used 721067K [0x0000000080000000, 0x00000000b8f80000, 0x00000000d5580000)
  object space 933376K, 77% used [0x0000000080000000,0x00000000ac02aea8,0x00000000b8f80000)
 Metaspace       used 101653K, committed 103488K, reserved 1179648K
  class space    used 10359K, committed 11200K, reserved 1048576K
}
Event: 3906.094 GC heap before
{Heap before GC invocations=1848 (full 6):
 PSYoungGen      total 3072K, used 2592K [0x00000000d5580000, 0x00000000d6200000, 0x0000000100000000)
  eden space 2048K, 100% used [0x00000000d5580000,0x00000000d5780000,0x00000000d5780000)
  from space 1024K, 53% used [0x00000000d5780000,0x00000000d5808000,0x00000000d5880000)
  to   space 4096K, 0% used [0x00000000d5e00000,0x00000000d5e00000,0x00000000d6200000)
 ParOldGen       total 933376K, used 721067K [0x0000000080000000, 0x00000000b8f80000, 0x00000000d5580000)
  object space 933376K, 77% used [0x0000000080000000,0x00000000ac02aea8,0x00000000b8f80000)
 Metaspace       used 101653K, committed 103488K, reserved 1179648K
  class space    used 10359K, committed 11200K, reserved 1048576K
}
Event: 3906.096 GC heap after
{Heap after GC invocations=1848 (full 6):
 PSYoungGen      total 3072K, used 384K [0x00000000d5580000, 0x00000000d5e80000, 0x0000000100000000)
  eden space 2560K, 0% used [0x00000000d5580000,0x00000000d5580000,0x00000000d5800000)
  from space 512K, 75% used [0x00000000d5e00000,0x00000000d5e60000,0x00000000d5e80000)
  to   space 1024K, 0% used [0x00000000d5c80000,0x00000000d5c80000,0x00000000d5d80000)
 ParOldGen       total 933376K, used 721451K [0x0000000080000000, 0x00000000b8f80000, 0x00000000d5580000)
  object space 933376K, 77% used [0x0000000080000000,0x00000000ac08aec8,0x00000000b8f80000)
 Metaspace       used 101653K, committed 103488K, reserved 1179648K
  class space    used 10359K, committed 11200K, reserved 1048576K
}
Event: 3906.110 GC heap before
{Heap before GC invocations=1849 (full 6):
 PSYoungGen      total 3072K, used 2944K [0x00000000d5580000, 0x00000000d5e80000, 0x0000000100000000)
  eden space 2560K, 100% used [0x00000000d5580000,0x00000000d5800000,0x00000000d5800000)
  from space 512K, 75% used [0x00000000d5e00000,0x00000000d5e60000,0x00000000d5e80000)
  to   space 1024K, 0% used [0x00000000d5c80000,0x00000000d5c80000,0x00000000d5d80000)
 ParOldGen       total 933376K, used 721451K [0x0000000080000000, 0x00000000b8f80000, 0x00000000d5580000)
  object space 933376K, 77% used [0x0000000080000000,0x00000000ac08aec8,0x00000000b8f80000)
 Metaspace       used 101654K, committed 103488K, reserved 1179648K
  class space    used 10359K, committed 11200K, reserved 1048576K
}
Event: 3906.112 GC heap after
{Heap after GC invocations=1849 (full 6):
 PSYoungGen      total 4096K, used 256K [0x00000000d5580000, 0x00000000d5e80000, 0x0000000100000000)
  eden space 3072K, 0% used [0x00000000d5580000,0x00000000d5580000,0x00000000d5880000)
  from space 1024K, 25% used [0x00000000d5c80000,0x00000000d5cc0000,0x00000000d5d80000)
  to   space 512K, 0% used [0x00000000d5e00000,0x00000000d5e00000,0x00000000d5e80000)
 ParOldGen       total 933376K, used 721721K [0x0000000080000000, 0x00000000b8f80000, 0x00000000d5580000)
  object space 933376K, 77% used [0x0000000080000000,0x00000000ac0ce648,0x00000000b8f80000)
 Metaspace       used 101654K, committed 103488K, reserved 1179648K
  class space    used 10359K, committed 11200K, reserved 1048576K
}
Event: 3906.155 GC heap before
{Heap before GC invocations=1850 (full 6):
 PSYoungGen      total 4096K, used 3328K [0x00000000d5580000, 0x00000000d5e80000, 0x0000000100000000)
  eden space 3072K, 100% used [0x00000000d5580000,0x00000000d5880000,0x00000000d5880000)
  from space 1024K, 25% used [0x00000000d5c80000,0x00000000d5cc0000,0x00000000d5d80000)
  to   space 512K, 0% used [0x00000000d5e00000,0x00000000d5e00000,0x00000000d5e80000)
 ParOldGen       total 933376K, used 721721K [0x0000000080000000, 0x00000000b8f80000, 0x00000000d5580000)
  object space 933376K, 77% used [0x0000000080000000,0x00000000ac0ce648,0x00000000b8f80000)
 Metaspace       used 101655K, committed 103488K, reserved 1179648K
  class space    used 10359K, committed 11200K, reserved 1048576K
}
Event: 3906.158 GC heap after
{Heap after GC invocations=1850 (full 6):
 PSYoungGen      total 4608K, used 256K [0x00000000d5580000, 0x00000000d5e80000, 0x0000000100000000)
  eden space 4096K, 0% used [0x00000000d5580000,0x00000000d5580000,0x00000000d5980000)
  from space 512K, 50% used [0x00000000d5e00000,0x00000000d5e40020,0x00000000d5e80000)
  to   space 512K, 0% used [0x00000000d5d80000,0x00000000d5d80000,0x00000000d5e00000)
 ParOldGen       total 933376K, used 721804K [0x0000000080000000, 0x00000000b8f80000, 0x00000000d5580000)
  object space 933376K, 77% used [0x0000000080000000,0x00000000ac0e3030,0x00000000b8f80000)
 Metaspace       used 101655K, committed 103488K, reserved 1179648K
  class space    used 10359K, committed 11200K, reserved 1048576K
}
Event: 3906.166 GC heap before
{Heap before GC invocations=1851 (full 6):
 PSYoungGen      total 4608K, used 4352K [0x00000000d5580000, 0x00000000d5e80000, 0x0000000100000000)
  eden space 4096K, 100% used [0x00000000d5580000,0x00000000d5980000,0x00000000d5980000)
  from space 512K, 50% used [0x00000000d5e00000,0x00000000d5e40020,0x00000000d5e80000)
  to   space 512K, 0% used [0x00000000d5d80000,0x00000000d5d80000,0x00000000d5e00000)
 ParOldGen       total 933376K, used 721804K [0x0000000080000000, 0x00000000b8f80000, 0x00000000d5580000)
  object space 933376K, 77% used [0x0000000080000000,0x00000000ac0e3030,0x00000000b8f80000)
 Metaspace       used 101655K, committed 103488K, reserved 1179648K
  class space    used 10359K, committed 11200K, reserved 1048576K
}
Event: 3906.169 GC heap after
{Heap after GC invocations=1851 (full 6):
 PSYoungGen      total 5632K, used 490K [0x00000000d5580000, 0x00000000d5e80000, 0x0000000100000000)
  eden space 5120K, 0% used [0x00000000d5580000,0x00000000d5580000,0x00000000d5a80000)
  from space 512K, 95% used [0x00000000d5d80000,0x00000000d5dfa910,0x00000000d5e00000)
  to   space 512K, 0% used [0x00000000d5e00000,0x00000000d5e00000,0x00000000d5e80000)
 ParOldGen       total 933376K, used 722063K [0x0000000080000000, 0x00000000b8f80000, 0x00000000d5580000)
  object space 933376K, 77% used [0x0000000080000000,0x00000000ac123ff0,0x00000000b8f80000)
 Metaspace       used 101655K, committed 103488K, reserved 1179648K
  class space    used 10359K, committed 11200K, reserved 1048576K
}
Event: 3906.214 GC heap before
{Heap before GC invocations=1852 (full 6):
 PSYoungGen      total 5632K, used 5610K [0x00000000d5580000, 0x00000000d5e80000, 0x0000000100000000)
  eden space 5120K, 99% used [0x00000000d5580000,0x00000000d5a7fff8,0x00000000d5a80000)
  from space 512K, 95% used [0x00000000d5d80000,0x00000000d5dfa910,0x00000000d5e00000)
  to   space 512K, 0% used [0x00000000d5e00000,0x00000000d5e00000,0x00000000d5e80000)
 ParOldGen       total 933376K, used 722063K [0x0000000080000000, 0x00000000b8f80000, 0x00000000d5580000)
  object space 933376K, 77% used [0x0000000080000000,0x00000000ac123ff0,0x00000000b8f80000)
 Metaspace       used 101655K, committed 103488K, reserved 1179648K
  class space    used 10359K, committed 11200K, reserved 1048576K
}
Event: 3906.216 GC heap after
{Heap after GC invocations=1852 (full 6):
 PSYoungGen      total 5632K, used 512K [0x00000000d5580000, 0x00000000d5e80000, 0x0000000100000000)
  eden space 5120K, 0% used [0x00000000d5580000,0x00000000d5580000,0x00000000d5a80000)
  from space 512K, 100% used [0x00000000d5e00000,0x00000000d5e80000,0x00000000d5e80000)
  to   space 1536K, 0% used [0x00000000d5b80000,0x00000000d5b80000,0x00000000d5d00000)
 ParOldGen       total 933376K, used 722737K [0x0000000080000000, 0x00000000b8f80000, 0x00000000d5580000)
  object space 933376K, 77% used [0x0000000080000000,0x00000000ac1cc500,0x00000000b8f80000)
 Metaspace       used 101655K, committed 103488K, reserved 1179648K
  class space    used 10359K, committed 11200K, reserved 1048576K
}
Event: 3906.282 GC heap before
{Heap before GC invocations=1853 (full 6):
 PSYoungGen      total 5632K, used 5631K [0x00000000d5580000, 0x00000000d5e80000, 0x0000000100000000)
  eden space 5120K, 99% used [0x00000000d5580000,0x00000000d5a7ffc8,0x00000000d5a80000)
  from space 512K, 100% used [0x00000000d5e00000,0x00000000d5e80000,0x00000000d5e80000)
  to   space 1536K, 0% used [0x00000000d5b80000,0x00000000d5b80000,0x00000000d5d00000)
 ParOldGen       total 933376K, used 722737K [0x0000000080000000, 0x00000000b8f80000, 0x00000000d5580000)
  object space 933376K, 77% used [0x0000000080000000,0x00000000ac1cc500,0x00000000b8f80000)
 Metaspace       used 101655K, committed 103488K, reserved 1179648K
  class space    used 10359K, committed 11200K, reserved 1048576K
}
Event: 3906.285 GC heap after
{Heap after GC invocations=1853 (full 6):
 PSYoungGen      total 6656K, used 618K [0x00000000d5580000, 0x00000000d5e80000, 0x0000000100000000)
  eden space 5120K, 0% used [0x00000000d5580000,0x00000000d5580000,0x00000000d5a80000)
  from space 1536K, 40% used [0x00000000d5b80000,0x00000000d5c1a910,0x00000000d5d00000)
  to   space 1024K, 0% used [0x00000000d5d80000,0x00000000d5d80000,0x00000000d5e80000)
 ParOldGen       total 933376K, used 723271K [0x0000000080000000, 0x00000000b8f80000, 0x00000000d5580000)
  object space 933376K, 77% used [0x0000000080000000,0x00000000ac251f20,0x00000000b8f80000)
 Metaspace       used 101655K, committed 103488K, reserved 1179648K
  class space    used 10359K, committed 11200K, reserved 1048576K
}
Event: 3906.293 GC heap before
{Heap before GC invocations=1854 (full 6):
 PSYoungGen      total 6656K, used 5738K [0x00000000d5580000, 0x00000000d5e80000, 0x0000000100000000)
  eden space 5120K, 100% used [0x00000000d5580000,0x00000000d5a80000,0x00000000d5a80000)
  from space 1536K, 40% used [0x00000000d5b80000,0x00000000d5c1a910,0x00000000d5d00000)
  to   space 1024K, 0% used [0x00000000d5d80000,0x00000000d5d80000,0x00000000d5e80000)
 ParOldGen       total 933376K, used 723271K [0x0000000080000000, 0x00000000b8f80000, 0x00000000d5580000)
  object space 933376K, 77% used [0x0000000080000000,0x00000000ac251f20,0x00000000b8f80000)
 Metaspace       used 101655K, committed 103488K, reserved 1179648K
  class space    used 10359K, committed 11200K, reserved 1048576K
}
Event: 3906.297 GC heap after
{Heap after GC invocations=1854 (full 6):
 PSYoungGen      total 6144K, used 736K [0x00000000d5580000, 0x00000000d5e80000, 0x0000000100000000)
  eden space 5120K, 0% used [0x00000000d5580000,0x00000000d5580000,0x00000000d5a80000)
  from space 1024K, 71% used [0x00000000d5d80000,0x00000000d5e38000,0x00000000d5e80000)
  to   space 1024K, 0% used [0x00000000d5c80000,0x00000000d5c80000,0x00000000d5d80000)
 ParOldGen       total 933376K, used 723778K [0x0000000080000000, 0x00000000b8f80000, 0x00000000d5580000)
  object space 933376K, 77% used [0x0000000080000000,0x00000000ac2d0ac8,0x00000000b8f80000)
 Metaspace       used 101655K, committed 103488K, reserved 1179648K
  class space    used 10359K, committed 11200K, reserved 1048576K
}
Event: 3906.424 GC heap before
{Heap before GC invocations=1855 (full 6):
 PSYoungGen      total 6144K, used 5856K [0x00000000d5580000, 0x00000000d5e80000, 0x0000000100000000)
  eden space 5120K, 100% used [0x00000000d5580000,0x00000000d5a80000,0x00000000d5a80000)
  from space 1024K, 71% used [0x00000000d5d80000,0x00000000d5e38000,0x00000000d5e80000)
  to   space 1024K, 0% used [0x00000000d5c80000,0x00000000d5c80000,0x00000000d5d80000)
 ParOldGen       total 933376K, used 723778K [0x0000000080000000, 0x00000000b8f80000, 0x00000000d5580000)
  object space 933376K, 77% used [0x0000000080000000,0x00000000ac2d0ac8,0x00000000b8f80000)
 Metaspace       used 101656K, committed 103488K, reserved 1179648K
  class space    used 10359K, committed 11200K, reserved 1048576K
}
Event: 3906.428 GC heap after
{Heap after GC invocations=1855 (full 6):
 PSYoungGen      total 6144K, used 692K [0x00000000d5580000, 0x00000000d5e00000, 0x0000000100000000)
  eden space 5120K, 0% used [0x00000000d5580000,0x00000000d5580000,0x00000000d5a80000)
  from space 1024K, 67% used [0x00000000d5c80000,0x00000000d5d2d200,0x00000000d5d80000)
  to   space 512K, 0% used [0x00000000d5d80000,0x00000000d5d80000,0x00000000d5e00000)
 ParOldGen       total 933376K, used 724435K [0x0000000080000000, 0x00000000b8f80000, 0x00000000d5580000)
  object space 933376K, 77% used [0x0000000080000000,0x00000000ac374dd8,0x00000000b8f80000)
 Metaspace       used 101656K, committed 103488K, reserved 1179648K
  class space    used 10359K, committed 11200K, reserved 1048576K
}
Event: 3906.439 GC heap before
{Heap before GC invocations=1856 (full 6):
 PSYoungGen      total 6144K, used 5812K [0x00000000d5580000, 0x00000000d5e00000, 0x0000000100000000)
  eden space 5120K, 100% used [0x00000000d5580000,0x00000000d5a80000,0x00000000d5a80000)
  from space 1024K, 67% used [0x00000000d5c80000,0x00000000d5d2d200,0x00000000d5d80000)
  to   space 512K, 0% used [0x00000000d5d80000,0x00000000d5d80000,0x00000000d5e00000)
 ParOldGen       total 933376K, used 724435K [0x0000000080000000, 0x00000000b8f80000, 0x00000000d5580000)
  object space 933376K, 77% used [0x0000000080000000,0x00000000ac374dd8,0x00000000b8f80000)
 Metaspace       used 101656K, committed 103488K, reserved 1179648K
  class space    used 10359K, committed 11200K, reserved 1048576K
}
Event: 3906.441 GC heap after
{Heap after GC invocations=1856 (full 6):
 PSYoungGen      total 5632K, used 512K [0x00000000d5580000, 0x00000000d5e00000, 0x0000000100000000)
  eden space 5120K, 0% used [0x00000000d5580000,0x00000000d5580000,0x00000000d5a80000)
  from space 512K, 100% used [0x00000000d5d80000,0x00000000d5e00000,0x00000000d5e00000)
  to   space 1536K, 0% used [0x00000000d5b00000,0x00000000d5b00000,0x00000000d5c80000)
 ParOldGen       total 933376K, used 725208K [0x0000000080000000, 0x00000000b8f80000, 0x00000000d5580000)
  object space 933376K, 77% used [0x0000000080000000,0x00000000ac4363d0,0x00000000b8f80000)
 Metaspace       used 101656K, committed 103488K, reserved 1179648K
  class space    used 10359K, committed 11200K, reserved 1048576K
}
Event: 3906.657 GC heap before
{Heap before GC invocations=1857 (full 6):
 PSYoungGen      total 5632K, used 5631K [0x00000000d5580000, 0x00000000d5e00000, 0x0000000100000000)
  eden space 5120K, 99% used [0x00000000d5580000,0x00000000d5a7fff0,0x00000000d5a80000)
  from space 512K, 100% used [0x00000000d5d80000,0x00000000d5e00000,0x00000000d5e00000)
  to   space 1536K, 0% used [0x00000000d5b00000,0x00000000d5b00000,0x00000000d5c80000)
 ParOldGen       total 933376K, used 725208K [0x0000000080000000, 0x00000000b8f80000, 0x00000000d5580000)
  object space 933376K, 77% used [0x0000000080000000,0x00000000ac4363d0,0x00000000b8f80000)
 Metaspace       used 101658K, committed 103488K, reserved 1179648K
  class space    used 10359K, committed 11200K, reserved 1048576K
}

